GET /api/products/all?offset=0&itemsPerPage=10 200 5228 - 7.793 ms 
POST /api/users/signUp 400 117 - 5.389 ms 
POST /api/users/signUp 400 86 - 3.349 ms 
POST /api/users/signUp 400 101 - 1.475 ms 
POST /api/users/signIn 200 364 - 3.937 ms 
GET /api/orders/all 200 760 - 11.304 ms 
GET /api/orders/all 401 57 - 0.608 ms 
GET /api/orders/all 200 760 - 1.489 ms 
GET /api/orders/details/5 401 57 - 0.559 ms 
GET /api/orders/details/5 400 67 - 2.128 ms 
GET /api/orders/details/2 200 1797 - 2.535 ms 
GET /api/users/signOut 200 60 - 6.220 ms 
POST /api/users/signIn 200 377 - 6.084 ms 
GET /api/orders/all 200 760 - 6.202 ms 
GET /api/orders/all 401 57 - 3.805 ms 
GET /api/orders/all 200 760 - 0.886 ms 
POST /api/orders/create 401 57 - 0.693 ms 
POST /api/orders/create 200 233 - 6.081 ms 
GET /api/orders/details/1 401 57 - 2.704 ms 
GET /api/orders/details/1 200 2662 - 8.089 ms 
GET /api/orders/details/4 200 3485 - 10.175 ms 
GET /api/orders/details/5 200 781 - 4.958 ms 
GET /api/orders/details/5 200 781 - 3.755 ms 
GET /api/orders/details/5 401 57 - 0.683 ms 
GET /api/orders/details/5 200 781 - 3.295 ms 
GET /api/products/all 200 56468 - 3.027 ms 
GET /api/products/all?offset=0&itemsPerPage=10 200 5228 - 2.899 ms 
GET /products/sortByPrice?_sort=DESC 500 63 - 2.344 ms 
GET /products/sortByPrice?_sort=DESC 500 63 - 2.994 ms 
GET /products/sortByPrice?_sort=DESC 500 63 - 3.468 ms 
GET /products/sortByPrice?_sort=DESC 500 63 - 0.379 ms 
GET /api/products/all?offset=0&itemsPerPage=10 200 5228 - 3.561 ms 
GET /api/products/details/101 400 64 - 1.750 ms 
GET /api/products/details/100 200 578 - 1.932 ms 
GET /products/sortByPrice?_sort=DESC 500 63 - 2.286 ms 
GET /products/sortByPrice 500 63 - 0.304 ms 
GET /products/sortByPrice?_sort=ASC 500 63 - 0.818 ms 
GET /products/sortByPrice?_sort=ASC 500 63 - 2.312 ms 
GET /api/products/all?offset=0&itemsPerPage=10 200 5228 - 5.434 ms 
GET /api/products/sortByPrice?_sort=ASC - - - - ms 
GET /api/products/sortByPrice?_sort=ASC 200 56468 - 8.757 ms 
GET /api/products/sortByPrice?_sort=DESC 200 56468 - 5.468 ms 
