GET /api/products/all?offset=0&itemsPerPage=10 200 5288 - 2.015 ms 
GET /api/products/details/101 200 246 - 12.391 ms 
GET /api/users/signOut 400 64 - 5.059 ms 
POST /api/users/signIn 200 366 - 4.277 ms 
POST /api/users/signIn 200 366 - 13.074 ms 
POST /api/users/signIn 200 366 - 13.343 ms 
POST /api/users/signIn 200 366 - 13.298 ms 
GET /api/products/all?offset=0&itemsPerPage=10 200 5288 - 560.414 ms 
GET /api/products/all?offset=0&itemsPerPage=10 200 5288 - 11.273 ms 
GET /api/products/all?offset=0&itemsPerPage=10 200 5288 - 10.401 ms 
GET /api/products/all?offset=0&itemsPerPage=10 200 5288 - 8.135 ms 
GET /api/products/all?offset=1&itemsPerPage=10 200 5942 - 4.624 ms 
GET /api/products/all 200 56653 - 2.153 ms 
GET /api/products//filterByCategory?category=smartphones&category=laptops 200 5413 - 7.563 ms 
GET /api/products//filterByCategory?category=smartphones - - - - ms 
GET /api/products//filterByCategory?category=smartphones&category=laptops 200 5413 - 4.378 ms 
GET /api/products//filterByCategory?category=laptops 200 2981 - 6.176 ms 
GET /api/products//filterByCategory - - - - ms 
GET /api/products//filterByCategory?category=smartphones&category=laptops&categoty=skincare 200 5413 - 3.540 ms 
GET /api/products//filterByCategory?category=smartphones&category=laptops&categoty=skincare 200 5413 - 12.829 ms 
GET /api/products//filterByCategory?category=smartphones&category=laptops&categoty=skincare 200 5413 - 9.300 ms 
GET /api/products//filterByCategory?category=smartphones&category=laptops&category=skincare 200 8374 - 3.221 ms 
GET /api/products//filterByCategory?category=smartphonesvxbv 200 73 - 2.421 ms 
GET /api/products//filterByCategory?category=smartphones 200 2495 - 1.336 ms 
GET /api/products//filterByCategory?brand=Dermive&brand=L%27Oreal%20Paris - - - - ms 
GET /api/products//filterByBrand?brand=Dermive&brand=L%27Oreal%20Paris 200 1274 - 4.654 ms 
GET /api/products/all?offset=1&itemsPerPage=10 200 5942 - 5.309 ms 
GET /api/products/all 200 28007 - 2.953 ms 
GET /api/products/all 200 16745 - 6.663 ms 
GET /api/products//filterByBrand?brand=Apple 200 1796 - 6.645 ms 
GET /api/products/filterByBrand?brand=Dermive&brand=L%27Oreal%20Paris 200 1274 - 1.821 ms 
GET /api/products/filterByCategory?category=smartphones&category=laptops&category=skincare 200 8374 - 1.741 ms 
GET /api/products/filterProducts - - - - ms 
GET /api/products/filterProducts?brand=Apple&category=smartphones - - - - ms 
GET /api/products/filterProducts?brand=Apple&category=smartphones&ram=4%20Gb - - - - ms 
GET /api/products/filterProducts?brand=Apple&category=smartphones&ram=4%20Gb - - - - ms 
GET /api/products/filterProducts?brand=Apple&ram=4%20Gb - - - - ms 
GET /api/products/filterProducts?brand=Apple&ram=4%20Gb&processor=A%2015%20Bionic 200 1249 - 7.806 ms 
GET /api/products/filterProducts?brand=Apple&category=smartphones&ram=4%20Gb&processor=A%2015%20Bionic 200 2428 - 1.248 ms 
GET /api/products/filterProducts?brand=Apple&category=smartphones&ram=4%20Gb&processor=A%2015%20Bionic&os=IOS&storage=128%20Gb 200 2428 - 2.938 ms 
GET /api/products/filterProducts?brand=Apple&ram=4%20Gb&processor=A%2015%20Bionic&os=IOS&storage=128%20Gb 200 2428 - 1.747 ms 
GET /api/products/filterProducts?brand=Apple&ram=4%20Gb&processor=A%2015%20Bionic&os=IOS&storage=128%20Gb 500 64 - 6.718 ms 
GET /api/products/filterProducts?brand=Apple&ram=4%20Gb&processor=A%2015%20Bionic&os=IOS&storage=128%20Gb 500 64 - 4.261 ms 
GET /api/products/filterProducts?brand=Apple&ram=4%20Gb&processor=A%2015%20Bionic&os=IOS&storage=128%20Gb 200 1251 - 3.269 ms 
GET /api/products/filterProducts?brand=Apple&ram=4%20Gb&processor=A%2015%20Bionic&os=IOS&storage=128%20Gb 200 1251 - 3.814 ms 
